<?xml version="1.0" encoding="UTF-8"?>
<!-- Generated by org.testng.reporters.JUnitXMLReporter -->
<testsuite hostname="Ashwins-MacBook-Pro.local" ignored="0" name="Default test" tests="2" failures="0" timestamp="23 Dec 2017 06:50:39 GMT" time="5.48" errors="0">
  <testcase name="findAnItemWhoseNameEndsWithPlayer" time="3.299" classname="com.apitesting.GroovyJsonPathRegex"/>
  <testcase name="findAnItemWhoseNameStartsWithiPod" time="1.767" classname="com.apitesting.GroovyJsonPathRegex"/>
</testsuite> <!-- Default test -->
