<?xml version="1.0" encoding="UTF-8"?>
<testng-results skipped="0" failed="0" ignored="0" total="1" passed="1">
  <reporter-output>
  </reporter-output>
  <suite name="Default suite" duration-ms="3731" started-at="2017-12-23T06:38:42Z" finished-at="2017-12-23T06:38:45Z">
    <groups>
    </groups>
    <test name="Default test" duration-ms="3731" started-at="2017-12-23T06:38:42Z" finished-at="2017-12-23T06:38:45Z">
      <class name="com.apitesting.GroovyJsonPathRegex">
        <test-method status="PASS" signature="setBaseUri()[pri:0, instance:com.apitesting.GroovyJsonPathRegex@a74868d]" name="setBaseUri" is-config="true" duration-ms="362" started-at="2017-12-23T12:08:42Z" finished-at="2017-12-23T12:08:42Z">
          <reporter-output>
          </reporter-output>
        </test-method> <!-- setBaseUri -->
        <test-method status="PASS" signature="findAnItemWithSalePrice()[pri:0, instance:com.apitesting.GroovyJsonPathRegex@a74868d]" name="findAnItemWithSalePrice" duration-ms="3347" started-at="2017-12-23T12:08:42Z" finished-at="2017-12-23T12:08:45Z">
          <reporter-output>
          </reporter-output>
        </test-method> <!-- findAnItemWithSalePrice -->
      </class> <!-- com.apitesting.GroovyJsonPathRegex -->
    </test> <!-- Default test -->
  </suite> <!-- Default suite -->
</testng-results>
