<?xml version="1.0" encoding="UTF-8"?>
<testng-results skipped="0" failed="0" ignored="0" total="1" passed="1">
  <reporter-output>
  </reporter-output>
  <suite name="Default suite" duration-ms="2981" started-at="2017-12-22T11:13:24Z" finished-at="2017-12-22T11:13:27Z">
    <groups>
    </groups>
    <test name="Default test" duration-ms="2981" started-at="2017-12-22T11:13:24Z" finished-at="2017-12-22T11:13:27Z">
      <class name="com.apitesting.UsingGroovyJsonPath">
        <test-method status="PASS" signature="setBaseUri()[pri:0, instance:com.apitesting.UsingGroovyJsonPath@a74868d]" name="setBaseUri" is-config="true" duration-ms="388" started-at="2017-12-22T16:43:24Z" finished-at="2017-12-22T16:43:25Z">
          <reporter-output>
          </reporter-output>
        </test-method> <!-- setBaseUri -->
        <test-method status="PASS" signature="singleAssertion()[pri:0, instance:com.apitesting.UsingGroovyJsonPath@a74868d]" name="singleAssertion" duration-ms="2575" started-at="2017-12-22T16:43:25Z" finished-at="2017-12-22T16:43:27Z">
          <reporter-output>
          </reporter-output>
        </test-method> <!-- singleAssertion -->
      </class> <!-- com.apitesting.UsingGroovyJsonPath -->
    </test> <!-- Default test -->
  </suite> <!-- Default suite -->
</testng-results>
